<?xml version="1.0" encoding="UTF-8"?>
<!-- Generated by org.testng.reporters.JUnitReportReporter -->
<testsuite hostname="FVFHXEPAQ6LR" failures="0" tests="2" name="Comm_test.TestNGPC1" time="0.172" errors="0" timestamp="2023-05-17T16:50:31 IST" skipped="0">
  <testcase classname="Comm_test.TestNGPC1" name="Google" time="0.160"/>
  <system-out/>
  <testcase classname="Comm_test.TestNGPC1" name="D" time="0.012"/>
  <system-out/>
</testsuite> <!-- Comm_test.TestNGPC1 -->
