<?xml version="1.0" encoding="UTF-8"?>
<!-- Generated by org.testng.reporters.JUnitReportReporter -->
<testsuite hostname="FVFHXEPAQ6LR" failures="0" tests="1" name="ExecutionTest.Keyword_driven_test" time="11.462" errors="0" timestamp="2023-05-15T21:25:59 IST" skipped="0">
  <testcase classname="ExecutionTest.Keyword_driven_test" name="readFileAndExceute" time="11.462"/>
  <system-out/>
</testsuite> <!-- ExecutionTest.Keyword_driven_test -->
