<?xml version="1.0" encoding="UTF-8"?>
<!-- Generated by org.testng.reporters.JUnitReportReporter -->
<testsuite hostname="FVFHXEPAQ6LR" failures="0" tests="2" name="Comm_test.TestNGPC2" time="0.006" errors="0" timestamp="2023-05-17T16:50:31 IST" skipped="0">
  <testcase classname="Comm_test.TestNGPC2" name="B" time="0.003"/>
  <system-out/>
  <testcase classname="Comm_test.TestNGPC2" name="A" time="0.003"/>
  <system-out/>
</testsuite> <!-- Comm_test.TestNGPC2 -->
